<?xml version="1.0" encoding="UTF-8"?>
<!-- Generated by org.testng.reporters.JUnitReportReporter -->
<testsuite hostname="BANL149add40f.local" name="com.companyname.projectname.testscripts.TC001_testLogin" tests="1" failures="0" timestamp="1 Sep 2016 08:37:39 GMT" time="7.001" errors="0">
  <testcase name="testlogin" time="7.001" classname="com.companyname.projectname.testscripts.TC001_testLogin"/>
</testsuite> <!-- com.companyname.projectname.testscripts.TC001_testLogin -->
