<?xml version="1.0" encoding="UTF-8"?>
<testsuite name="TestSuite" time="27.651" tests="3" errors="0" skipped="0" failures="1">
  <properties>
    <property name="java.runtime.name" value="Java(TM) SE Runtime Environment"/>
    <property name="sun.boot.library.path" value="/Library/Java/JavaVirtualMachines/jdk1.7.0_21.jdk/Contents/Home/jre/lib"/>
    <property name="java.vm.version" value="23.21-b01"/>
    <property name="gopherProxySet" value="false"/>
    <property name="java.vm.vendor" value="Oracle Corporation"/>
    <property name="maven.multiModuleProjectDirectory" value="/Users/bsingh5/Documents/video/selenium-project"/>
    <property name="java.vendor.url" value="http://java.oracle.com/"/>
    <property name="path.separator" value=":"/>
    <property name="guice.disable.misplaced.annotation.check" value="true"/>
    <property name="java.vm.name" value="Java HotSpot(TM) 64-Bit Server VM"/>
    <property name="file.encoding.pkg" value="sun.io"/>
    <property name="user.country" value="US"/>
    <property name="sun.java.launcher" value="SUN_STANDARD"/>
    <property name="sun.os.patch.level" value="unknown"/>
    <property name="java.vm.specification.name" value="Java Virtual Machine Specification"/>
    <property name="user.dir" value="/Users/bsingh5/Documents/video/selenium-project"/>
    <property name="java.runtime.version" value="1.7.0_21-b12"/>
    <property name="java.awt.graphicsenv" value="sun.awt.CGraphicsEnvironment"/>
    <property name="basedir" value="/Users/bsingh5/Documents/video/selenium-project"/>
    <property name="java.endorsed.dirs" value="/Library/Java/JavaVirtualMachines/jdk1.7.0_21.jdk/Contents/Home/jre/lib/endorsed"/>
    <property name="os.arch" value="x86_64"/>
    <property name="java.io.tmpdir" value="/var/folders/vq/h_c9cs5958q3v9nkrj9jybfdfy19j5/T/"/>
    <property name="line.separator" value="&#10;"/>
    <property name="java.vm.specification.vendor" value="Oracle Corporation"/>
    <property name="os.name" value="Mac OS X"/>
    <property name="classworlds.conf" value="/usr/local/apache-maven/apache-maven-3.3.9/bin/m2.conf"/>
    <property name="sun.jnu.encoding" value="UTF-8"/>
    <property name="java.library.path" value="/Users/bsingh5/Library/Java/Extensions:/Library/Java/Extensions:/Network/Library/Java/Extensions:/System/Library/Java/Extensions:/usr/lib/java:."/>
    <property name="surefire.test.class.path" value="/Users/bsingh5/Documents/video/selenium-project/target/test-classes:/Users/bsingh5/Documents/video/selenium-project/target/classes:/Users/bsingh5/.m2/repository/org/seleniumhq/selenium/selenium-java/2.53.1/selenium-java-2.53.1.jar:/Users/bsingh5/.m2/repository/org/seleniumhq/selenium/selenium-chrome-driver/2.53.1/selenium-chrome-driver-2.53.1.jar:/Users/bsingh5/.m2/repository/org/seleniumhq/selenium/selenium-remote-driver/2.53.1/selenium-remote-driver-2.53.1.jar:/Users/bsingh5/.m2/repository/cglib/cglib-nodep/2.1_3/cglib-nodep-2.1_3.jar:/Users/bsingh5/.m2/repository/com/google/code/gson/gson/2.3.1/gson-2.3.1.jar:/Users/bsingh5/.m2/repository/org/seleniumhq/selenium/selenium-api/2.53.1/selenium-api-2.53.1.jar:/Users/bsingh5/.m2/repository/org/apache/httpcomponents/httpclient/4.5.1/httpclient-4.5.1.jar:/Users/bsingh5/.m2/repository/org/apache/httpcomponents/httpcore/4.4.3/httpcore-4.4.3.jar:/Users/bsingh5/.m2/repository/com/google/guava/guava/19.0/guava-19.0.jar:/Users/bsingh5/.m2/repository/org/seleniumhq/selenium/selenium-edge-driver/2.53.1/selenium-edge-driver-2.53.1.jar:/Users/bsingh5/.m2/repository/commons-io/commons-io/2.4/commons-io-2.4.jar:/Users/bsingh5/.m2/repository/org/apache/commons/commons-exec/1.3/commons-exec-1.3.jar:/Users/bsingh5/.m2/repository/org/seleniumhq/selenium/htmlunit-driver/2.21/htmlunit-driver-2.21.jar:/Users/bsingh5/.m2/repository/net/sourceforge/htmlunit/htmlunit/2.21/htmlunit-2.21.jar:/Users/bsingh5/.m2/repository/xalan/xalan/2.7.2/xalan-2.7.2.jar:/Users/bsingh5/.m2/repository/xalan/serializer/2.7.2/serializer-2.7.2.jar:/Users/bsingh5/.m2/repository/org/apache/commons/commons-lang3/3.4/commons-lang3-3.4.jar:/Users/bsingh5/.m2/repository/org/apache/httpcomponents/httpmime/4.5.2/httpmime-4.5.2.jar:/Users/bsingh5/.m2/repository/net/sourceforge/htmlunit/htmlunit-core-js/2.17/htmlunit-core-js-2.17.jar:/Users/bsingh5/.m2/repository/net/sourceforge/htmlunit/neko-htmlunit/2.21/neko-htmlunit-2.21.jar:/Users/bsingh5/.m2/repository/xerces/xercesImpl/2.11.0/xercesImpl-2.11.0.jar:/Users/bsingh5/.m2/repository/net/sourceforge/cssparser/cssparser/0.9.18/cssparser-0.9.18.jar:/Users/bsingh5/.m2/repository/org/w3c/css/sac/1.3/sac-1.3.jar:/Users/bsingh5/.m2/repository/commons-logging/commons-logging/1.2/commons-logging-1.2.jar:/Users/bsingh5/.m2/repository/org/eclipse/jetty/websocket/websocket-client/9.2.15.v20160210/websocket-client-9.2.15.v20160210.jar:/Users/bsingh5/.m2/repository/org/eclipse/jetty/jetty-util/9.2.15.v20160210/jetty-util-9.2.15.v20160210.jar:/Users/bsingh5/.m2/repository/org/eclipse/jetty/jetty-io/9.2.15.v20160210/jetty-io-9.2.15.v20160210.jar:/Users/bsingh5/.m2/repository/org/eclipse/jetty/websocket/websocket-common/9.2.15.v20160210/websocket-common-9.2.15.v20160210.jar:/Users/bsingh5/.m2/repository/org/eclipse/jetty/websocket/websocket-api/9.2.15.v20160210/websocket-api-9.2.15.v20160210.jar:/Users/bsingh5/.m2/repository/commons-collections/commons-collections/3.2.2/commons-collections-3.2.2.jar:/Users/bsingh5/.m2/repository/org/seleniumhq/selenium/selenium-firefox-driver/2.53.1/selenium-firefox-driver-2.53.1.jar:/Users/bsingh5/.m2/repository/org/seleniumhq/selenium/selenium-ie-driver/2.53.1/selenium-ie-driver-2.53.1.jar:/Users/bsingh5/.m2/repository/net/java/dev/jna/jna/4.1.0/jna-4.1.0.jar:/Users/bsingh5/.m2/repository/net/java/dev/jna/jna-platform/4.1.0/jna-platform-4.1.0.jar:/Users/bsingh5/.m2/repository/org/seleniumhq/selenium/selenium-safari-driver/2.53.1/selenium-safari-driver-2.53.1.jar:/Users/bsingh5/.m2/repository/io/netty/netty/3.5.7.Final/netty-3.5.7.Final.jar:/Users/bsingh5/.m2/repository/org/seleniumhq/selenium/selenium-support/2.53.1/selenium-support-2.53.1.jar:/Users/bsingh5/.m2/repository/org/seleniumhq/selenium/selenium-leg-rc/2.53.1/selenium-leg-rc-2.53.1.jar:/Users/bsingh5/.m2/repository/org/apache/poi/poi/3.10-FINAL/poi-3.10-FINAL.jar:/Users/bsingh5/.m2/repository/commons-codec/commons-codec/1.5/commons-codec-1.5.jar:/Users/bsingh5/.m2/repository/org/apache/poi/poi-ooxml/3.10-FINAL/poi-ooxml-3.10-FINAL.jar:/Users/bsingh5/.m2/repository/org/apache/poi/poi-ooxml-schemas/3.10-FINAL/poi-ooxml-schemas-3.10-FINAL.jar:/Users/bsingh5/.m2/repository/org/apache/xmlbeans/xmlbeans/2.3.0/xmlbeans-2.3.0.jar:/Users/bsingh5/.m2/repository/stax/stax-api/1.0.1/stax-api-1.0.1.jar:/Users/bsingh5/.m2/repository/dom4j/dom4j/1.6.1/dom4j-1.6.1.jar:/Users/bsingh5/.m2/repository/org/testng/testng/6.8/testng-6.8.jar:/Users/bsingh5/.m2/repository/junit/junit/4.10/junit-4.10.jar:/Users/bsingh5/.m2/repository/org/hamcrest/hamcrest-core/1.1/hamcrest-core-1.1.jar:/Users/bsingh5/.m2/repository/org/beanshell/bsh/2.0b4/bsh-2.0b4.jar:/Users/bsingh5/.m2/repository/com/beust/jcommander/1.27/jcommander-1.27.jar:/Users/bsingh5/.m2/repository/org/yaml/snakeyaml/1.6/snakeyaml-1.6.jar:/Users/bsingh5/.m2/repository/org/apache/logging/log4j/log4j-api/2.6.2/log4j-api-2.6.2.jar:/Users/bsingh5/.m2/repository/org/apache/logging/log4j/log4j-core/2.6.2/log4j-core-2.6.2.jar:/Users/bsingh5/.m2/repository/xml-apis/xml-apis/1.4.01/xml-apis-1.4.01.jar:/Users/bsingh5/.m2/repository/org/apache/maven/surefire/surefire-testng-utils/2.18.1/surefire-testng-utils-2.18.1.jar:/Users/bsingh5/.m2/repository/org/apache/maven/surefire/surefire-grouper/2.18.1/surefire-grouper-2.18.1.jar:"/>
    <property name="java.specification.name" value="Java Platform API Specification"/>
    <property name="java.class.version" value="51.0"/>
    <property name="sun.management.compiler" value="HotSpot 64-Bit Tiered Compilers"/>
    <property name="os.version" value="10.11.6"/>
    <property name="user.home" value="/Users/bsingh5"/>
    <property name="user.timezone" value="Asia/Kolkata"/>
    <property name="java.awt.printerjob" value="sun.lwawt.macosx.CPrinterJob"/>
    <property name="java.specification.version" value="1.7"/>
    <property name="file.encoding" value="UTF-8"/>
    <property name="user.name" value="bsingh5"/>
    <property name="java.class.path" value="/usr/local/apache-maven/apache-maven-3.3.9/boot/plexus-classworlds-2.5.2.jar"/>
    <property name="java.vm.specification.version" value="1.7"/>
    <property name="sun.arch.data.model" value="64"/>
    <property name="java.home" value="/Library/Java/JavaVirtualMachines/jdk1.7.0_21.jdk/Contents/Home/jre"/>
    <property name="sun.java.command" value="org.codehaus.plexus.classworlds.launcher.Launcher install -f pom.xml"/>
    <property name="java.specification.vendor" value="Oracle Corporation"/>
    <property name="user.language" value="en"/>
    <property name="awt.toolkit" value="sun.lwawt.macosx.LWCToolkit"/>
    <property name="java.vm.info" value="mixed mode"/>
    <property name="java.version" value="1.7.0_21"/>
    <property name="java.ext.dirs" value="/Users/bsingh5/Library/Java/Extensions:/Library/Java/JavaVirtualMachines/jdk1.7.0_21.jdk/Contents/Home/jre/lib/ext:/Library/Java/Extensions:/Network/Library/Java/Extensions:/System/Library/Java/Extensions:/usr/lib/java"/>
    <property name="sun.boot.class.path" value="/Library/Java/JavaVirtualMachines/jdk1.7.0_21.jdk/Contents/Home/jre/lib/resources.jar:/Library/Java/JavaVirtualMachines/jdk1.7.0_21.jdk/Contents/Home/jre/lib/rt.jar:/Library/Java/JavaVirtualMachines/jdk1.7.0_21.jdk/Contents/Home/jre/lib/sunrsasign.jar:/Library/Java/JavaVirtualMachines/jdk1.7.0_21.jdk/Contents/Home/jre/lib/jsse.jar:/Library/Java/JavaVirtualMachines/jdk1.7.0_21.jdk/Contents/Home/jre/lib/jce.jar:/Library/Java/JavaVirtualMachines/jdk1.7.0_21.jdk/Contents/Home/jre/lib/charsets.jar:/Library/Java/JavaVirtualMachines/jdk1.7.0_21.jdk/Contents/Home/jre/lib/jfr.jar:/Library/Java/JavaVirtualMachines/jdk1.7.0_21.jdk/Contents/Home/jre/lib/JObjC.jar:/Library/Java/JavaVirtualMachines/jdk1.7.0_21.jdk/Contents/Home/jre/classes"/>
    <property name="java.vendor" value="Oracle Corporation"/>
    <property name="maven.home" value="/usr/local/apache-maven/apache-maven-3.3.9"/>
    <property name="localRepository" value="/Users/bsingh5/.m2/repository"/>
    <property name="file.separator" value="/"/>
    <property name="java.vendor.url.bug" value="http://bugreport.sun.com/bugreport/"/>
    <property name="sun.cpu.endian" value="little"/>
    <property name="sun.io.unicode.encoding" value="UnicodeBig"/>
    <property name="sun.cpu.isalist" value=""/>
  </properties>
  <testcase name="testlogin" classname="com.companyname.projectname.testscripts.TC001_testLogin" time="7.001"/>
  <testcase name="testRegistraionWithValidData" classname="com.companyname.projectname.testscripts.TC002_testRegistraion" time="14.441">
    <failure message="Registration test is fail expected [true] but found [false]" type="java.lang.AssertionError">java.lang.AssertionError: Registration test is fail expected [true] but found [false]
	at org.testng.Assert.fail(Assert.java:94)
	at org.testng.Assert.failNotEquals(Assert.java:494)
	at org.testng.Assert.assertTrue(Assert.java:42)
	at com.companyname.projectname.testscripts.TC002_testRegistraion.testRegistraionWithValidData(TC002_testRegistraion.java:49)
</failure>
    <system-err><![CDATA[Sep 01, 2016 2:07:18 PM com.companyname.projectname.pagelibrary.SignIn clickonSignIn
INFO: clicking on sign in link
Sep 01, 2016 2:07:18 PM com.companyname.projectname.pagelibrary.SignIn enterEmailAddressToCraeteAccount
INFO: entering email address to create an account
Sep 01, 2016 2:07:20 PM com.companyname.projectname.pagelibrary.SignIn clickOnCreateAnAccoun
INFO: Clicking on create an account
Sep 01, 2016 2:07:22 PM com.companyname.projectname.pagelibrary.CreateAnAccount selectMrRadionButton
INFO: selecting Mr Radion Button
Sep 01, 2016 2:07:22 PM com.companyname.projectname.pagelibrary.CreateAnAccount enterFirstName
INFO: entering first name
Sep 01, 2016 2:07:22 PM com.companyname.projectname.pagelibrary.CreateAnAccount enterLastName
INFO: entering last name
Sep 01, 2016 2:07:22 PM com.companyname.projectname.pagelibrary.CreateAnAccount enterPassowrd
INFO: entering password
Sep 01, 2016 2:07:22 PM com.companyname.projectname.pagelibrary.CreateAnAccount selectDaysInDropDown
INFO: clicking on day drop down
Sep 01, 2016 2:07:23 PM com.companyname.projectname.pagelibrary.CreateAnAccount selectDaysInDropDown
INFO: selecting day in day day drop down
Sep 01, 2016 2:07:23 PM com.companyname.projectname.pagelibrary.CreateAnAccount selectMonthInDropDown
INFO: clicking on month drop down
Sep 01, 2016 2:07:25 PM com.companyname.projectname.pagelibrary.CreateAnAccount selectMonthInDropDown
INFO: selecting month in month drop down
Sep 01, 2016 2:07:25 PM com.companyname.projectname.pagelibrary.CreateAnAccount selectYearInDropDown
INFO: clicking on year drop down
Sep 01, 2016 2:07:26 PM com.companyname.projectname.pagelibrary.CreateAnAccount selectYearInDropDown
INFO: clickin on year option
Sep 01, 2016 2:07:27 PM com.companyname.projectname.pagelibrary.CreateAnAccount enterYourAddressFirstName
INFO: entering your address first name
Sep 01, 2016 2:07:27 PM com.companyname.projectname.pagelibrary.CreateAnAccount enterYourAddressLastName
INFO: entering your address lastname name
Sep 01, 2016 2:07:27 PM com.companyname.projectname.pagelibrary.CreateAnAccount enterYourAddressPrimary
INFO: entering your primary Address
Sep 01, 2016 2:07:27 PM com.companyname.projectname.pagelibrary.CreateAnAccount enterYourAddressSecondry
INFO: entering your secondry Address
Sep 01, 2016 2:07:27 PM com.companyname.projectname.pagelibrary.CreateAnAccount enterYourAddressCityName
INFO: entering your Address city name
Sep 01, 2016 2:07:27 PM com.companyname.projectname.pagelibrary.CreateAnAccount selectYourAddressState
INFO: clicking on your Address State Drop Down
Sep 01, 2016 2:07:27 PM com.companyname.projectname.pagelibrary.CreateAnAccount enterYourAddressZipCode
INFO: entering your Address zip code
Sep 01, 2016 2:07:27 PM com.companyname.projectname.pagelibrary.CreateAnAccount selectYourAddressCountry
INFO: clicking on your Address Country Name
Sep 01, 2016 2:07:28 PM com.companyname.projectname.pagelibrary.CreateAnAccount selectYourAddressCountry
INFO: selecting Country Name
Sep 01, 2016 2:07:28 PM com.companyname.projectname.pagelibrary.CreateAnAccount enterYourAddressMobilePhone
INFO: entering your Address phone nummber
Sep 01, 2016 2:07:28 PM com.companyname.projectname.pagelibrary.CreateAnAccount clickOnRegister
INFO: clicking on register
]]></system-err>
  </testcase>
  <testcase name="testRegistraionWithInvalidData" classname="com.companyname.projectname.testscripts.TC002_testRegistraion" time="6.209"/>
</testsuite>